\BOOKMARK [1][-]{section.1}{\376\377\213\276\213\241\200\314\146\157}{}% 1
\BOOKMARK [1][-]{section.2}{\376\377\200\077\154\017\116\214\147\201\173\241\166\204\123\237\164\006}{}% 2
\BOOKMARK [2][-]{subsection.2.1}{\376\377\200\077\154\017\145\110\136\224}{section.2}% 3
\BOOKMARK [2][-]{subsection.2.2}{\376\377\123\237\164\006\140\047\176\323\147\204}{section.2}% 4
\BOOKMARK [1][-]{section.3}{\376\377\133\236\232\214\145\271\150\110\213\276\213\241\116\016\133\236\232\214\123\302\145\160\213\241\173\227}{}% 5
\BOOKMARK [2][-]{subsection.3.1}{\376\377\147\120\145\231\162\171\140\047\123\312\117\030\122\277}{section.3}% 6
\BOOKMARK [2][-]{subsection.3.2}{\376\377\154\056\123\026\225\123\200\077\154\017\116\214\147\201\173\241\147\000\232\330\135\345\117\134\230\221\163\207\213\241\173\227}{section.3}% 7
\BOOKMARK [2][-]{subsection.3.3}{\376\377\154\056\123\026\225\123\200\077\154\017\116\214\147\201\173\241\147\000\131\047\217\223\121\372\122\237\163\207\213\241\173\227}{section.3}% 8
\BOOKMARK [2][-]{subsection.3.4}{\376\377\154\056\123\026\225\123\200\077\154\017\116\214\147\201\173\241\143\272\147\102\155\123\136\246\213\241\173\227}{section.3}% 9
\BOOKMARK [2][-]{subsection.3.5}{\376\377\200\077\154\017\116\214\147\201\173\241\166\204\176\323\147\204\213\276\213\241}{section.3}% 10
\BOOKMARK [3][-]{subsubsection.3.5.1}{\376\377\117\040\176\337\000N\000+\000G\000a\000N\000/\000N\000-\000G\000a\000N\000/\000N\000+\000G\000a\000N\176\323\147\204\213\276\213\241}{subsection.3.5}% 11
\BOOKMARK [3][-]{subsubsection.3.5.2}{\376\377\136\046\000N\000o\000t\000c\000h\134\102\166\204\000N\000+\000G\000a\000N\000/\000N\000-\000G\000a\000N\000/\000N\000+\000G\000a\000N\176\323\147\204\213\276\213\241}{subsection.3.5}% 12
\BOOKMARK [3][-]{subsubsection.3.5.3}{\376\377\220\032\217\307\122\240\121\145\000\040\000A\000l\000G\000a\000N\000\040\122\240\220\037\134\102\166\204\000N\000+\000G\000a\000N\000/\000N\000-\000G\000a\000N\000/\000N\000+\000G\000a\000N\176\323\147\204\213\276\213\241}{subsection.3.5}% 13
\BOOKMARK [2][-]{subsection.3.6}{\376\377\200\077\154\017\116\214\147\201\173\241\166\204\123\302\145\160\213\276\213\241}{section.3}% 14
\BOOKMARK [2][-]{subsection.3.7}{\376\377\213\276\213\241\220\350\122\006\140\073\176\323}{section.3}% 15
\BOOKMARK [1][-]{section.4}{\376\377\122\066\220\040\155\101\172\013\171\072\141\017\126\376}{}% 16
\BOOKMARK [1][-]{section.5}{\376\377\165\037\116\247\133\211\121\150\226\062\142\244\060\001\171\076\117\032\116\016\163\257\130\203\126\340\175\040}{}% 17
\BOOKMARK [2][-]{subsection.5.1}{\376\377\225\123\133\371\116\272\117\123\120\145\136\267\166\204\137\161\124\315}{section.5}% 18
\BOOKMARK [2][-]{subsection.5.2}{\376\377\133\211\121\150\226\062\142\244}{section.5}% 19
\BOOKMARK [2][-]{subsection.5.3}{\376\377\171\076\117\032\116\016\163\257\130\203\126\340\175\040}{section.5}% 20
\BOOKMARK [1][-]{section*.1}{\376\377\123\302\200\003\145\207\163\056}{}% 21
